<?xml version="1.0" encoding="UTF-8"?>
<testsuite xmlns:xsi="http://www.w3.org/2001/XMLSchema-instance" xsi:noNamespaceSchemaLocation="https://maven.apache.org/surefire/maven-surefire-plugin/xsd/surefire-test-report.xsd" name="TestSuite" time="30.24" tests="8" errors="0" skipped="0" failures="6">
  <properties>
[...]
</properties>
  <testcase name="testBroken" classname="com.exadel.automation.GmailLoginTest" time="1.279">
    <failure message="This test is broken" type="java.lang.Exception">java.lang.Exception: This test is broken
	at com.exadel.automation.GmailLoginTest.testBroken(GmailLoginTest.java:93)
</failure>
    <system-out><![CDATA[...
... TestNG 6.11 by C?dric Beust (cedric@beust.com)
...

20:35:47.473 [main] INFO  i.g.bonigarcia.wdm.BrowserManager - Reading https://chromedriver.storage.googleapis.com/ to seek [chromedriver]
20:35:48.118 [main] DEBUG i.g.bonigarcia.wdm.BrowserManager - Using [chromedriver] 2.33
20:35:48.118 [main] DEBUG io.github.bonigarcia.wdm.Downloader - Using binary driver previously downloaded C:\Users\Luzerenok\.m2\repository\webdriver\chromedriver\win32\2.33\chromedriver.exe
20:35:48.118 [main] INFO  i.g.bonigarcia.wdm.BrowserManager - Exporting webdriver.chrome.driver as C:\Users\Luzerenok\.m2\repository\webdriver\chromedriver\win32\2.33\chromedriver.exe
20:35:54.471 [main] DEBUG io.qameta.allure.AllureLifecycle - Adding attachment to item with uuid 7064ed8d-3596-4f55-9b7f-5420caff1aed
]]></system-out>
    <system-err><![CDATA[log4j:WARN No appenders could be found for logger (org.apache.http.client.protocol.RequestAddCookies).
log4j:WARN Please initialize the log4j system properly.
log4j:WARN See http://logging.apache.org/log4j/1.2/faq.html#noconfig for more info.
Starting ChromeDriver 2.33.506120 (e3e53437346286c0bc2d2dc9aa4915ba81d9023f) on port 24691
Only local connections are allowed.
мар 09, 2018 8:35:51 PM org.openqa.selenium.remote.ProtocolHandshake createSession
INFO: Detected dialect: OSS
]]></system-err>
  </testcase>
  <testcase name="testForgotEmail" classname="com.exadel.automation.GmailLoginTest" time="7.132">
    <failure message="no such element: Unable to locate element: {&quot;method&quot;:&quot;xpath&quot;,&quot;selector&quot;:&quot;//*[text()=&apos;Forgot email?&apos;]&quot;}&#10;  (Session info: chrome=64.0.3282.186)&#10;  (Driver info: chromedriver=2.33.506120 (e3e53437346286c0bc2d2dc9aa4915ba81d9023f),platform=Windows NT 6.1.7601 SP1 x86_64) (WARNING: The server did not provide any stacktrace information)&#10;Command duration or timeout: 0 milliseconds&#10;For documentation on this error, please visit: http://seleniumhq.org/exceptions/no_such_element.html&#10;Build info: version: &apos;3.5.3&apos;, revision: &apos;a88d25fe6b&apos;, time: &apos;2017-08-29T12:42:44.417Z&apos;&#10;System info: host: &apos;JANE&apos;, ip: &apos;192.168.0.101&apos;, os.name: &apos;Windows 7&apos;, os.arch: &apos;amd64&apos;, os.version: &apos;6.1&apos;, java.version: &apos;1.8.0_162&apos;&#10;Driver info: org.openqa.selenium.chrome.ChromeDriver&#10;Capabilities [{mobileEmulationEnabled=false, hasTouchScreen=false, platform=XP, acceptSslCerts=true, webStorageEnabled=true, browserName=chrome, takesScreenshot=true, javascriptEnabled=true, platformName=XP, setWindowRect=true, unexpectedAlertBehaviour=, applicationCacheEnabled=false, rotatable=false, networkConnectionEnabled=false, chrome={chromedriverVersion=2.33.506120 (e3e53437346286c0bc2d2dc9aa4915ba81d9023f), userDataDir=C:\Users\LUZERE~1\AppData\Local\Temp\scoped_dir4456_27414}, takesHeapSnapshot=true, pageLoadStrategy=normal, unhandledPromptBehavior=, databaseEnabled=false, handlesAlerts=true, version=64.0.3282.186, browserConnectionEnabled=false, nativeEvents=true, locationContextEnabled=true, cssSelectorsEnabled=true}]&#10;Session ID: af6e59bba9a701275eacee9cc15749c8&#10;*** Element info: {Using=xpath, value=//*[text()=&apos;Forgot email?&apos;]}" type="org.openqa.selenium.NoSuchElementException">org.openqa.selenium.NoSuchElementException: 
no such element: Unable to locate element: {"method":"xpath","selector":"//*[text()='Forgot email?']"}
  (Session info: chrome=64.0.3282.186)
  (Driver info: chromedriver=2.33.506120 (e3e53437346286c0bc2d2dc9aa4915ba81d9023f),platform=Windows NT 6.1.7601 SP1 x86_64) (WARNING: The server did not provide any stacktrace information)
Command duration or timeout: 0 milliseconds
For documentation on this error, please visit: http://seleniumhq.org/exceptions/no_such_element.html
Build info: version: '3.5.3', revision: 'a88d25fe6b', time: '2017-08-29T12:42:44.417Z'
System info: host: 'JANE', ip: '192.168.0.101', os.name: 'Windows 7', os.arch: 'amd64', os.version: '6.1', java.version: '1.8.0_162'
Driver info: org.openqa.selenium.chrome.ChromeDriver
Capabilities [{mobileEmulationEnabled=false, hasTouchScreen=false, platform=XP, acceptSslCerts=true, webStorageEnabled=true, browserName=chrome, takesScreenshot=true, javascriptEnabled=true, platformName=XP, setWindowRect=true, unexpectedAlertBehaviour=, applicationCacheEnabled=false, rotatable=false, networkConnectionEnabled=false, chrome={chromedriverVersion=2.33.506120 (e3e53437346286c0bc2d2dc9aa4915ba81d9023f), userDataDir=C:\Users\LUZERE~1\AppData\Local\Temp\scoped_dir4456_27414}, takesHeapSnapshot=true, pageLoadStrategy=normal, unhandledPromptBehavior=, databaseEnabled=false, handlesAlerts=true, version=64.0.3282.186, browserConnectionEnabled=false, nativeEvents=true, locationContextEnabled=true, cssSelectorsEnabled=true}]
Session ID: af6e59bba9a701275eacee9cc15749c8
*** Element info: {Using=xpath, value=//*[text()='Forgot email?']}
	at com.exadel.automation.GmailLoginTest.testForgotEmail(GmailLoginTest.java:79)
</failure>
    <system-out><![CDATA[20:35:54.614 [main] INFO  com.exadel.automation.pages.Page - Navigate to CatalogPage page
20:36:00.780 [main] INFO  c.exadel.automation.pages.LoginPage - Click on 'Forgot password button'
20:36:01.654 [main] DEBUG io.qameta.allure.AllureLifecycle - Adding attachment to item with uuid fe47e75d-4b63-4ad9-ae23-faa6b7269bd6
]]></system-out>
  </testcase>
  <testcase name="testIncorrectPasswordLogin" classname="com.exadel.automation.GmailLoginTest" time="2.093">
    <failure message="no such element: Unable to locate element: {&quot;method&quot;:&quot;xpath&quot;,&quot;selector&quot;:&quot;//span[text() =&apos;Next&apos;]&quot;}&#10;  (Session info: chrome=64.0.3282.186)&#10;  (Driver info: chromedriver=2.33.506120 (e3e53437346286c0bc2d2dc9aa4915ba81d9023f),platform=Windows NT 6.1.7601 SP1 x86_64) (WARNING: The server did not provide any stacktrace information)&#10;Command duration or timeout: 0 milliseconds&#10;For documentation on this error, please visit: http://seleniumhq.org/exceptions/no_such_element.html&#10;Build info: version: &apos;3.5.3&apos;, revision: &apos;a88d25fe6b&apos;, time: &apos;2017-08-29T12:42:44.417Z&apos;&#10;System info: host: &apos;JANE&apos;, ip: &apos;192.168.0.101&apos;, os.name: &apos;Windows 7&apos;, os.arch: &apos;amd64&apos;, os.version: &apos;6.1&apos;, java.version: &apos;1.8.0_162&apos;&#10;Driver info: org.openqa.selenium.chrome.ChromeDriver&#10;Capabilities [{mobileEmulationEnabled=false, hasTouchScreen=false, platform=XP, acceptSslCerts=true, webStorageEnabled=true, browserName=chrome, takesScreenshot=true, javascriptEnabled=true, platformName=XP, setWindowRect=true, unexpectedAlertBehaviour=, applicationCacheEnabled=false, rotatable=false, networkConnectionEnabled=false, chrome={chromedriverVersion=2.33.506120 (e3e53437346286c0bc2d2dc9aa4915ba81d9023f), userDataDir=C:\Users\LUZERE~1\AppData\Local\Temp\scoped_dir4456_27414}, takesHeapSnapshot=true, pageLoadStrategy=normal, unhandledPromptBehavior=, databaseEnabled=false, handlesAlerts=true, version=64.0.3282.186, browserConnectionEnabled=false, nativeEvents=true, locationContextEnabled=true, cssSelectorsEnabled=true}]&#10;Session ID: af6e59bba9a701275eacee9cc15749c8&#10;*** Element info: {Using=xpath, value=//span[text() =&apos;Next&apos;]}" type="org.openqa.selenium.NoSuchElementException">org.openqa.selenium.NoSuchElementException: 
no such element: Unable to locate element: {"method":"xpath","selector":"//span[text() ='Next']"}
  (Session info: chrome=64.0.3282.186)
  (Driver info: chromedriver=2.33.506120 (e3e53437346286c0bc2d2dc9aa4915ba81d9023f),platform=Windows NT 6.1.7601 SP1 x86_64) (WARNING: The server did not provide any stacktrace information)
Command duration or timeout: 0 milliseconds
For documentation on this error, please visit: http://seleniumhq.org/exceptions/no_such_element.html
Build info: version: '3.5.3', revision: 'a88d25fe6b', time: '2017-08-29T12:42:44.417Z'
System info: host: 'JANE', ip: '192.168.0.101', os.name: 'Windows 7', os.arch: 'amd64', os.version: '6.1', java.version: '1.8.0_162'
Driver info: org.openqa.selenium.chrome.ChromeDriver
Capabilities [{mobileEmulationEnabled=false, hasTouchScreen=false, platform=XP, acceptSslCerts=true, webStorageEnabled=true, browserName=chrome, takesScreenshot=true, javascriptEnabled=true, platformName=XP, setWindowRect=true, unexpectedAlertBehaviour=, applicationCacheEnabled=false, rotatable=false, networkConnectionEnabled=false, chrome={chromedriverVersion=2.33.506120 (e3e53437346286c0bc2d2dc9aa4915ba81d9023f), userDataDir=C:\Users\LUZERE~1\AppData\Local\Temp\scoped_dir4456_27414}, takesHeapSnapshot=true, pageLoadStrategy=normal, unhandledPromptBehavior=, databaseEnabled=false, handlesAlerts=true, version=64.0.3282.186, browserConnectionEnabled=false, nativeEvents=true, locationContextEnabled=true, cssSelectorsEnabled=true}]
Session ID: af6e59bba9a701275eacee9cc15749c8
*** Element info: {Using=xpath, value=//span[text() ='Next']}
	at com.exadel.automation.GmailLoginTest.testIncorrectPasswordLogin(GmailLoginTest.java:59)
</failure>
    <system-out><![CDATA[20:36:01.694 [main] INFO  com.exadel.automation.pages.Page - Navigate to CatalogPage page
20:36:02.561 [main] INFO  c.exadel.automation.pages.LoginPage - Enter email: autotests.demo@gmail.com
20:36:02.919 [main] INFO  c.exadel.automation.pages.LoginPage - Click "Next" button
20:36:03.775 [main] DEBUG io.qameta.allure.AllureLifecycle - Adding attachment to item with uuid 682fc975-4d1a-4036-a05e-ba17a0802531
]]></system-out>
  </testcase>
  <testcase name="testNonexistentUsernameLogin" classname="com.exadel.automation.GmailLoginTest" time="1.797">
    <failure message="no such element: Unable to locate element: {&quot;method&quot;:&quot;xpath&quot;,&quot;selector&quot;:&quot;//span[text() =&apos;Next&apos;]&quot;}&#10;  (Session info: chrome=64.0.3282.186)&#10;  (Driver info: chromedriver=2.33.506120 (e3e53437346286c0bc2d2dc9aa4915ba81d9023f),platform=Windows NT 6.1.7601 SP1 x86_64) (WARNING: The server did not provide any stacktrace information)&#10;Command duration or timeout: 0 milliseconds&#10;For documentation on this error, please visit: http://seleniumhq.org/exceptions/no_such_element.html&#10;Build info: version: &apos;3.5.3&apos;, revision: &apos;a88d25fe6b&apos;, time: &apos;2017-08-29T12:42:44.417Z&apos;&#10;System info: host: &apos;JANE&apos;, ip: &apos;192.168.0.101&apos;, os.name: &apos;Windows 7&apos;, os.arch: &apos;amd64&apos;, os.version: &apos;6.1&apos;, java.version: &apos;1.8.0_162&apos;&#10;Driver info: org.openqa.selenium.chrome.ChromeDriver&#10;Capabilities [{mobileEmulationEnabled=false, hasTouchScreen=false, platform=XP, acceptSslCerts=true, webStorageEnabled=true, browserName=chrome, takesScreenshot=true, javascriptEnabled=true, platformName=XP, setWindowRect=true, unexpectedAlertBehaviour=, applicationCacheEnabled=false, rotatable=false, networkConnectionEnabled=false, chrome={chromedriverVersion=2.33.506120 (e3e53437346286c0bc2d2dc9aa4915ba81d9023f), userDataDir=C:\Users\LUZERE~1\AppData\Local\Temp\scoped_dir4456_27414}, takesHeapSnapshot=true, pageLoadStrategy=normal, unhandledPromptBehavior=, databaseEnabled=false, handlesAlerts=true, version=64.0.3282.186, browserConnectionEnabled=false, nativeEvents=true, locationContextEnabled=true, cssSelectorsEnabled=true}]&#10;Session ID: af6e59bba9a701275eacee9cc15749c8&#10;*** Element info: {Using=xpath, value=//span[text() =&apos;Next&apos;]}" type="org.openqa.selenium.NoSuchElementException">org.openqa.selenium.NoSuchElementException: 
no such element: Unable to locate element: {"method":"xpath","selector":"//span[text() ='Next']"}
  (Session info: chrome=64.0.3282.186)
  (Driver info: chromedriver=2.33.506120 (e3e53437346286c0bc2d2dc9aa4915ba81d9023f),platform=Windows NT 6.1.7601 SP1 x86_64) (WARNING: The server did not provide any stacktrace information)
Command duration or timeout: 0 milliseconds
For documentation on this error, please visit: http://seleniumhq.org/exceptions/no_such_element.html
Build info: version: '3.5.3', revision: 'a88d25fe6b', time: '2017-08-29T12:42:44.417Z'
System info: host: 'JANE', ip: '192.168.0.101', os.name: 'Windows 7', os.arch: 'amd64', os.version: '6.1', java.version: '1.8.0_162'
Driver info: org.openqa.selenium.chrome.ChromeDriver
Capabilities [{mobileEmulationEnabled=false, hasTouchScreen=false, platform=XP, acceptSslCerts=true, webStorageEnabled=true, browserName=chrome, takesScreenshot=true, javascriptEnabled=true, platformName=XP, setWindowRect=true, unexpectedAlertBehaviour=, applicationCacheEnabled=false, rotatable=false, networkConnectionEnabled=false, chrome={chromedriverVersion=2.33.506120 (e3e53437346286c0bc2d2dc9aa4915ba81d9023f), userDataDir=C:\Users\LUZERE~1\AppData\Local\Temp\scoped_dir4456_27414}, takesHeapSnapshot=true, pageLoadStrategy=normal, unhandledPromptBehavior=, databaseEnabled=false, handlesAlerts=true, version=64.0.3282.186, browserConnectionEnabled=false, nativeEvents=true, locationContextEnabled=true, cssSelectorsEnabled=true}]
Session ID: af6e59bba9a701275eacee9cc15749c8
*** Element info: {Using=xpath, value=//span[text() ='Next']}
	at com.exadel.automation.GmailLoginTest.testNonexistentUsernameLogin(GmailLoginTest.java:42)
</failure>
    <system-out><![CDATA[20:36:03.800 [main] INFO  com.exadel.automation.pages.Page - Navigate to CatalogPage page
20:36:04.485 [main] INFO  c.exadel.automation.pages.LoginPage - Enter email: sdgffwgfsgfd@gmail.com
20:36:04.772 [main] INFO  c.exadel.automation.pages.LoginPage - Click "Next" button
20:36:05.593 [main] DEBUG io.qameta.allure.AllureLifecycle - Adding attachment to item with uuid 05df7374-050a-4b6d-8548-2b7e7e103066
]]></system-out>
  </testcase>
  <testcase name="testSuccessfulLogin" classname="com.exadel.automation.GmailLoginTest" time="1.825">
    <failure message="no such element: Unable to locate element: {&quot;method&quot;:&quot;xpath&quot;,&quot;selector&quot;:&quot;//span[text() =&apos;Next&apos;]&quot;}&#10;  (Session info: chrome=64.0.3282.186)&#10;  (Driver info: chromedriver=2.33.506120 (e3e53437346286c0bc2d2dc9aa4915ba81d9023f),platform=Windows NT 6.1.7601 SP1 x86_64) (WARNING: The server did not provide any stacktrace information)&#10;Command duration or timeout: 0 milliseconds&#10;For documentation on this error, please visit: http://seleniumhq.org/exceptions/no_such_element.html&#10;Build info: version: &apos;3.5.3&apos;, revision: &apos;a88d25fe6b&apos;, time: &apos;2017-08-29T12:42:44.417Z&apos;&#10;System info: host: &apos;JANE&apos;, ip: &apos;192.168.0.101&apos;, os.name: &apos;Windows 7&apos;, os.arch: &apos;amd64&apos;, os.version: &apos;6.1&apos;, java.version: &apos;1.8.0_162&apos;&#10;Driver info: org.openqa.selenium.chrome.ChromeDriver&#10;Capabilities [{mobileEmulationEnabled=false, hasTouchScreen=false, platform=XP, acceptSslCerts=true, webStorageEnabled=true, browserName=chrome, takesScreenshot=true, javascriptEnabled=true, platformName=XP, setWindowRect=true, unexpectedAlertBehaviour=, applicationCacheEnabled=false, rotatable=false, networkConnectionEnabled=false, chrome={chromedriverVersion=2.33.506120 (e3e53437346286c0bc2d2dc9aa4915ba81d9023f), userDataDir=C:\Users\LUZERE~1\AppData\Local\Temp\scoped_dir4456_27414}, takesHeapSnapshot=true, pageLoadStrategy=normal, unhandledPromptBehavior=, databaseEnabled=false, handlesAlerts=true, version=64.0.3282.186, browserConnectionEnabled=false, nativeEvents=true, locationContextEnabled=true, cssSelectorsEnabled=true}]&#10;Session ID: af6e59bba9a701275eacee9cc15749c8&#10;*** Element info: {Using=xpath, value=//span[text() =&apos;Next&apos;]}" type="org.openqa.selenium.NoSuchElementException">org.openqa.selenium.NoSuchElementException: 
no such element: Unable to locate element: {"method":"xpath","selector":"//span[text() ='Next']"}
  (Session info: chrome=64.0.3282.186)
  (Driver info: chromedriver=2.33.506120 (e3e53437346286c0bc2d2dc9aa4915ba81d9023f),platform=Windows NT 6.1.7601 SP1 x86_64) (WARNING: The server did not provide any stacktrace information)
Command duration or timeout: 0 milliseconds
For documentation on this error, please visit: http://seleniumhq.org/exceptions/no_such_element.html
Build info: version: '3.5.3', revision: 'a88d25fe6b', time: '2017-08-29T12:42:44.417Z'
System info: host: 'JANE', ip: '192.168.0.101', os.name: 'Windows 7', os.arch: 'amd64', os.version: '6.1', java.version: '1.8.0_162'
Driver info: org.openqa.selenium.chrome.ChromeDriver
Capabilities [{mobileEmulationEnabled=false, hasTouchScreen=false, platform=XP, acceptSslCerts=true, webStorageEnabled=true, browserName=chrome, takesScreenshot=true, javascriptEnabled=true, platformName=XP, setWindowRect=true, unexpectedAlertBehaviour=, applicationCacheEnabled=false, rotatable=false, networkConnectionEnabled=false, chrome={chromedriverVersion=2.33.506120 (e3e53437346286c0bc2d2dc9aa4915ba81d9023f), userDataDir=C:\Users\LUZERE~1\AppData\Local\Temp\scoped_dir4456_27414}, takesHeapSnapshot=true, pageLoadStrategy=normal, unhandledPromptBehavior=, databaseEnabled=false, handlesAlerts=true, version=64.0.3282.186, browserConnectionEnabled=false, nativeEvents=true, locationContextEnabled=true, cssSelectorsEnabled=true}]
Session ID: af6e59bba9a701275eacee9cc15749c8
*** Element info: {Using=xpath, value=//span[text() ='Next']}
	at com.exadel.automation.GmailLoginTest.testSuccessfulLogin(GmailLoginTest.java:26)
</failure>
    <system-out><![CDATA[20:36:05.618 [main] INFO  com.exadel.automation.pages.Page - Navigate to CatalogPage page
20:36:06.306 [main] INFO  c.exadel.automation.pages.LoginPage - Enter email: autotests.demo@gmail.com
20:36:06.604 [main] INFO  c.exadel.automation.pages.LoginPage - Click "Next" button
20:36:07.429 [main] DEBUG io.qameta.allure.AllureLifecycle - Adding attachment to item with uuid 159ed884-125f-400d-9167-bee27382bd0a
]]></system-out>
  </testcase>
  <testcase name="validateCorrectWeatherResponse" classname="com.exadel.automation.ApiTest" time="3.811"/>
  <testcase name="validateWeatherSchema" classname="com.exadel.automation.ApiTest" time="0.782"/>
  <testcase name="validateWrongWeatherResponse" classname="com.exadel.automation.ApiTest" time="0.612">
    <failure message="3 expectations failed.&#10;JSON path name doesn&apos;t match.&#10;Expected: Minsk&#10;  Actual: London&#10;&#10;JSON path sys.country doesn&apos;t match.&#10;Expected: Belarus&#10;  Actual: GB&#10;&#10;JSON path visibility doesn&apos;t match.&#10;Expected: &lt;0&gt;&#10;  Actual: 10000&#10;" type="java.lang.AssertionError"><![CDATA[java.lang.AssertionError: 
3 expectations failed.
JSON path name doesn't match.
Expected: Minsk
  Actual: London

JSON path sys.country doesn't match.
Expected: Belarus
  Actual: GB

JSON path visibility doesn't match.
Expected: <0>
  Actual: 10000

	at com.exadel.automation.ApiTest.validateWrongWeatherResponse(ApiTest.java:54)
]]></failure>
    <system-out><![CDATA[20:36:12.718 [main] DEBUG io.qameta.allure.AllureLifecycle - Adding attachment to item with uuid e9c71821-2d12-415d-98a9-8627e2adaad4
]]></system-out>
  </testcase>
</testsuite>